[2026-01-30T14:07:20.720Z] 
============================================================
[2026-01-30T14:07:20.723Z] 🕐 Skills Hot 定时同步器启动
[2026-01-30T14:07:20.723Z] ============================================================
[2026-01-30T14:07:20.731Z] 启动时间: 2026/1/30 22:07:20
[2026-01-30T14:07:20.731Z] 下次执行: 2026/1/30 23:00:00
[2026-01-30T14:07:20.731Z] 间隔: 每小时整点
[2026-01-30T14:07:20.731Z] 日志文件: /Users/yan/skills-hot/.logs/scheduler.log
[2026-01-30T14:07:20.731Z] ============================================================

[2026-01-30T14:07:20.731Z] ⏳ 等待首次执行... (52分39秒)

[2026-01-30T14:32:43.915Z] 
============================================================
[2026-01-30T14:32:43.919Z] 🕐 Skills Hot 定时同步器启动
[2026-01-30T14:32:43.919Z] ============================================================
[2026-01-30T14:32:43.929Z] 启动时间: 2026/1/30 22:32:43
[2026-01-30T14:32:43.929Z] 下次执行: 2026/1/30 23:00:00
[2026-01-30T14:32:43.929Z] 间隔: 每小时整点
[2026-01-30T14:32:43.929Z] 日志文件: /Users/yan/skills-hot/.logs/scheduler.log
[2026-01-30T14:32:43.929Z] ============================================================

[2026-01-30T14:32:43.929Z] ⏳ 等待首次执行... (27分16秒)

[2026-01-30T14:33:53.096Z] 

👋 收到退出信号，定时器停止
[2026-01-30T14:33:53.401Z] 
============================================================
[2026-01-30T14:33:53.404Z] 🕐 Skills Hot 定时同步器启动
[2026-01-30T14:33:53.404Z] ============================================================
[2026-01-30T14:33:53.413Z] 启动时间: 2026/1/30 22:33:53
[2026-01-30T14:33:53.413Z] 下次执行: 2026/1/30 22:40:00
[2026-01-30T14:33:53.413Z] 间隔: 每小时整点
[2026-01-30T14:33:53.413Z] 日志文件: /Users/yan/skills-hot/.logs/scheduler.log
[2026-01-30T14:33:53.413Z] ============================================================

[2026-01-30T14:33:53.413Z] ⏳ 等待首次执行... (6分6秒)

[2026-01-30T14:33:54.992Z] 

👋 收到退出信号，定时器停止
[2026-01-30T14:33:55.515Z] 
============================================================
[2026-01-30T14:33:55.518Z] 🕐 Skills Hot 定时同步器启动
[2026-01-30T14:33:55.518Z] ============================================================
[2026-01-30T14:33:55.527Z] 启动时间: 2026/1/30 22:33:55
[2026-01-30T14:33:55.527Z] 下次执行: 2026/1/30 22:40:00
[2026-01-30T14:33:55.527Z] 间隔: 每小时整点
[2026-01-30T14:33:55.527Z] 日志文件: /Users/yan/skills-hot/.logs/scheduler.log
[2026-01-30T14:33:55.527Z] ============================================================

[2026-01-30T14:33:55.527Z] ⏳ 等待首次执行... (6分4秒)

[2026-01-30T14:40:00.005Z] 
============================================================
[2026-01-30T14:40:00.006Z] 🚀 开始第 1 次定时任务
[2026-01-30T14:40:00.007Z] 执行时间: 2026/1/30 22:40:00
[2026-01-30T14:40:00.007Z] ============================================================
[2026-01-30T14:40:00.008Z] 🔄 开始数据同步...
